{"/Users/rene.palenque/Desktop/Nodejs/Teco-Challenge/src/domain/forecast/controller/forecast.controller.js": {"path":"/Users/rene.palenque/Desktop/Nodejs/Teco-Challenge/src/domain/forecast/controller/forecast.controller.js","statementMap":{"0":{"start":{"line":1,"column":21},"end":{"line":1,"column":39}},"1":{"start":{"line":2,"column":24},"end":{"line":2,"column":62}},"2":{"start":{"line":4,"column":20},"end":{"line":10,"column":1}},"3":{"start":{"line":5,"column":19},"end":{"line":5,"column":29}},"4":{"start":{"line":7,"column":19},"end":{"line":7,"column":42}},"5":{"start":{"line":8,"column":2},"end":{"line":8,"column":21}},"6":{"start":{"line":12,"column":0},"end":{"line":14,"column":2}}},"fnMap":{"0":{"name":"(anonymous_0)","decl":{"start":{"line":4,"column":20},"end":{"line":4,"column":21}},"loc":{"start":{"line":4,"column":51},"end":{"line":10,"column":1}},"line":4}},"branchMap":{"0":{"loc":{"start":{"line":4,"column":32},"end":{"line":4,"column":46}},"type":"default-arg","locations":[{"start":{"line":4,"column":38},"end":{"line":4,"column":46}}],"line":4}},"s":{"0":1,"1":1,"2":1,"3":1,"4":1,"5":1,"6":1},"f":{"0":1},"b":{"0":[1]},"_coverageSchema":"1a1c01bbd47fc00a2c39e90264f33305004495a9","hash":"70e4aa866fb8e9927b77f2c3c5e6829490c22194"}
,"/Users/rene.palenque/Desktop/Nodejs/Teco-Challenge/src/domain/forecast/service/forecast.service.js": {"path":"/Users/rene.palenque/Desktop/Nodejs/Teco-Challenge/src/domain/forecast/service/forecast.service.js","statementMap":{"0":{"start":{"line":1,"column":14},"end":{"line":1,"column":30}},"1":{"start":{"line":3,"column":24},"end":{"line":3,"column":73}},"2":{"start":{"line":4,"column":24},"end":{"line":4,"column":74}},"3":{"start":{"line":6,"column":20},"end":{"line":76,"column":1}},"4":{"start":{"line":10,"column":2},"end":{"line":28,"column":3}},"5":{"start":{"line":11,"column":4},"end":{"line":11,"column":35}},"6":{"start":{"line":12,"column":4},"end":{"line":19,"column":6}},"7":{"start":{"line":21,"column":4},"end":{"line":27,"column":6}},"8":{"start":{"line":30,"column":2},"end":{"line":50,"column":7}},"9":{"start":{"line":32,"column":23},"end":{"line":41,"column":8}},"10":{"start":{"line":33,"column":24},"end":{"line":33,"column":26}},"11":{"start":{"line":34,"column":8},"end":{"line":34,"column":42}},"12":{"start":{"line":35,"column":8},"end":{"line":35,"column":62}},"13":{"start":{"line":36,"column":8},"end":{"line":36,"column":47}},"14":{"start":{"line":37,"column":8},"end":{"line":37,"column":47}},"15":{"start":{"line":38,"column":8},"end":{"line":38,"column":63}},"16":{"start":{"line":39,"column":8},"end":{"line":39,"column":51}},"17":{"start":{"line":40,"column":8},"end":{"line":40,"column":23}},"18":{"start":{"line":42,"column":6},"end":{"line":46,"column":8}},"19":{"start":{"line":49,"column":6},"end":{"line":49,"column":33}},"20":{"start":{"line":78,"column":0},"end":{"line":78,"column":33}}},"fnMap":{"0":{"name":"(anonymous_0)","decl":{"start":{"line":6,"column":20},"end":{"line":6,"column":21}},"loc":{"start":{"line":6,"column":36},"end":{"line":76,"column":1}},"line":6},"1":{"name":"(anonymous_1)","decl":{"start":{"line":31,"column":10},"end":{"line":31,"column":11}},"loc":{"start":{"line":31,"column":24},"end":{"line":47,"column":5}},"line":31},"2":{"name":"(anonymous_2)","decl":{"start":{"line":32,"column":46},"end":{"line":32,"column":47}},"loc":{"start":{"line":32,"column":59},"end":{"line":41,"column":7}},"line":32},"3":{"name":"(anonymous_3)","decl":{"start":{"line":48,"column":11},"end":{"line":48,"column":12}},"loc":{"start":{"line":48,"column":22},"end":{"line":50,"column":5}},"line":48}},"branchMap":{"0":{"loc":{"start":{"line":10,"column":2},"end":{"line":28,"column":3}},"type":"if","locations":[{"start":{"line":10,"column":2},"end":{"line":28,"column":3}},{"start":{"line":20,"column":9},"end":{"line":28,"column":3}}],"line":10}},"s":{"0":2,"1":2,"2":2,"3":2,"4":4,"5":2,"6":2,"7":2,"8":4,"9":3,"10":15,"11":15,"12":15,"13":15,"14":15,"15":15,"16":15,"17":15,"18":3,"19":1,"20":2},"f":{"0":4,"1":3,"2":15,"3":1},"b":{"0":[2,2]},"_coverageSchema":"1a1c01bbd47fc00a2c39e90264f33305004495a9","hash":"2a4347e291f4ea0713b147b5801fb8859b6e9845"}
,"/Users/rene.palenque/Desktop/Nodejs/Teco-Challenge/src/domain/location/controller/location.controller.js": {"path":"/Users/rene.palenque/Desktop/Nodejs/Teco-Challenge/src/domain/location/controller/location.controller.js","statementMap":{"0":{"start":{"line":1,"column":21},"end":{"line":1,"column":39}},"1":{"start":{"line":2,"column":24},"end":{"line":2,"column":62}},"2":{"start":{"line":4,"column":20},"end":{"line":7,"column":1}},"3":{"start":{"line":5,"column":19},"end":{"line":5,"column":38}},"4":{"start":{"line":6,"column":2},"end":{"line":6,"column":21}},"5":{"start":{"line":9,"column":0},"end":{"line":11,"column":2}}},"fnMap":{"0":{"name":"(anonymous_0)","decl":{"start":{"line":4,"column":20},"end":{"line":4,"column":21}},"loc":{"start":{"line":4,"column":51},"end":{"line":7,"column":1}},"line":4}},"branchMap":{"0":{"loc":{"start":{"line":4,"column":32},"end":{"line":4,"column":46}},"type":"default-arg","locations":[{"start":{"line":4,"column":38},"end":{"line":4,"column":46}}],"line":4}},"s":{"0":1,"1":1,"2":1,"3":1,"4":1,"5":1},"f":{"0":1},"b":{"0":[1]},"_coverageSchema":"1a1c01bbd47fc00a2c39e90264f33305004495a9","hash":"3398f3078e2af3733855efd12a9d91ccbdefe0d8"}
,"/Users/rene.palenque/Desktop/Nodejs/Teco-Challenge/src/domain/location/service/location.service.js": {"path":"/Users/rene.palenque/Desktop/Nodejs/Teco-Challenge/src/domain/location/service/location.service.js","statementMap":{"0":{"start":{"line":1,"column":14},"end":{"line":1,"column":30}},"1":{"start":{"line":3,"column":25},"end":{"line":3,"column":74}},"2":{"start":{"line":5,"column":20},"end":{"line":17,"column":1}},"3":{"start":{"line":6,"column":2},"end":{"line":16,"column":7}},"4":{"start":{"line":8,"column":6},"end":{"line":15,"column":8}},"5":{"start":{"line":19,"column":0},"end":{"line":19,"column":33}}},"fnMap":{"0":{"name":"(anonymous_0)","decl":{"start":{"line":5,"column":20},"end":{"line":5,"column":21}},"loc":{"start":{"line":5,"column":26},"end":{"line":17,"column":1}},"line":5},"1":{"name":"(anonymous_1)","decl":{"start":{"line":7,"column":10},"end":{"line":7,"column":11}},"loc":{"start":{"line":7,"column":24},"end":{"line":16,"column":5}},"line":7}},"branchMap":{},"s":{"0":6,"1":6,"2":6,"3":6,"4":6,"5":6},"f":{"0":6,"1":6},"b":{},"_coverageSchema":"1a1c01bbd47fc00a2c39e90264f33305004495a9","hash":"a3d4c55e4fe64187be32d9a6ef50a247d7ff9075"}
,"/Users/rene.palenque/Desktop/Nodejs/Teco-Challenge/src/domain/weather/controller/weather.controller.js": {"path":"/Users/rene.palenque/Desktop/Nodejs/Teco-Challenge/src/domain/weather/controller/weather.controller.js","statementMap":{"0":{"start":{"line":1,"column":21},"end":{"line":1,"column":39}},"1":{"start":{"line":2,"column":23},"end":{"line":2,"column":60}},"2":{"start":{"line":4,"column":19},"end":{"line":9,"column":1}},"3":{"start":{"line":5,"column":19},"end":{"line":5,"column":29}},"4":{"start":{"line":7,"column":19},"end":{"line":7,"column":41}},"5":{"start":{"line":8,"column":2},"end":{"line":8,"column":21}},"6":{"start":{"line":11,"column":0},"end":{"line":13,"column":2}}},"fnMap":{"0":{"name":"(anonymous_0)","decl":{"start":{"line":4,"column":19},"end":{"line":4,"column":20}},"loc":{"start":{"line":4,"column":50},"end":{"line":9,"column":1}},"line":4}},"branchMap":{"0":{"loc":{"start":{"line":4,"column":31},"end":{"line":4,"column":45}},"type":"default-arg","locations":[{"start":{"line":4,"column":37},"end":{"line":4,"column":45}}],"line":4}},"s":{"0":1,"1":1,"2":1,"3":1,"4":1,"5":1,"6":1},"f":{"0":1},"b":{"0":[1]},"_coverageSchema":"1a1c01bbd47fc00a2c39e90264f33305004495a9","hash":"472416f4e2db6a6c4267bd5cf22a38d239ca87f1"}
,"/Users/rene.palenque/Desktop/Nodejs/Teco-Challenge/src/domain/weather/service/weather.service.js": {"path":"/Users/rene.palenque/Desktop/Nodejs/Teco-Challenge/src/domain/weather/service/weather.service.js","statementMap":{"0":{"start":{"line":1,"column":14},"end":{"line":1,"column":30}},"1":{"start":{"line":3,"column":24},"end":{"line":3,"column":73}},"2":{"start":{"line":4,"column":24},"end":{"line":4,"column":74}},"3":{"start":{"line":6,"column":19},"end":{"line":44,"column":1}},"4":{"start":{"line":10,"column":2},"end":{"line":26,"column":3}},"5":{"start":{"line":11,"column":4},"end":{"line":11,"column":35}},"6":{"start":{"line":12,"column":4},"end":{"line":18,"column":6}},"7":{"start":{"line":20,"column":4},"end":{"line":25,"column":6}},"8":{"start":{"line":28,"column":2},"end":{"line":43,"column":7}},"9":{"start":{"line":30,"column":6},"end":{"line":39,"column":8}},"10":{"start":{"line":42,"column":6},"end":{"line":42,"column":33}},"11":{"start":{"line":46,"column":0},"end":{"line":46,"column":32}}},"fnMap":{"0":{"name":"(anonymous_0)","decl":{"start":{"line":6,"column":19},"end":{"line":6,"column":20}},"loc":{"start":{"line":6,"column":35},"end":{"line":44,"column":1}},"line":6},"1":{"name":"(anonymous_1)","decl":{"start":{"line":29,"column":10},"end":{"line":29,"column":11}},"loc":{"start":{"line":29,"column":24},"end":{"line":40,"column":5}},"line":29},"2":{"name":"(anonymous_2)","decl":{"start":{"line":41,"column":11},"end":{"line":41,"column":12}},"loc":{"start":{"line":41,"column":22},"end":{"line":43,"column":5}},"line":41}},"branchMap":{"0":{"loc":{"start":{"line":10,"column":2},"end":{"line":26,"column":3}},"type":"if","locations":[{"start":{"line":10,"column":2},"end":{"line":26,"column":3}},{"start":{"line":19,"column":9},"end":{"line":26,"column":3}}],"line":10}},"s":{"0":2,"1":2,"2":2,"3":2,"4":4,"5":2,"6":2,"7":2,"8":4,"9":3,"10":1,"11":2},"f":{"0":4,"1":3,"2":1},"b":{"0":[2,2]},"_coverageSchema":"1a1c01bbd47fc00a2c39e90264f33305004495a9","hash":"4aeb5f28289b8420cb15fd1edea4f1852b91b7e4"}
}
